[debug] [2023-02-11T05:10:05.272Z] ----------------------------------------------------------------------
[debug] [2023-02-11T05:10:05.274Z] Command:       /Users/sgtmcclain/.nvm/versions/node/v18.14.0/bin/node /Users/sgtmcclain/.nvm/versions/node/v18.14.0/bin/firebase init
[debug] [2023-02-11T05:10:05.274Z] CLI Version:   11.22.0
[debug] [2023-02-11T05:10:05.275Z] Platform:      darwin
[debug] [2023-02-11T05:10:05.275Z] Node Version:  v18.14.0
[debug] [2023-02-11T05:10:05.276Z] Time:          Sat Feb 11 2023 00:10:05 GMT-0500 (Eastern Standard Time)
[debug] [2023-02-11T05:10:05.276Z] ----------------------------------------------------------------------
[debug] 
[debug] [2023-02-11T05:10:05.284Z] > command requires scopes: ["email","openid","https://www.googleapis.com/auth/cloudplatformprojects.readonly","https://www.googleapis.com/auth/firebase","https://www.googleapis.com/auth/cloud-platform"]
[debug] [2023-02-11T05:10:05.284Z] > authorizing via signed-in user (n8mcclain@gmail.com)
[info] 
     ######## #### ########  ######## ########     ###     ######  ########
     ##        ##  ##     ## ##       ##     ##  ##   ##  ##       ##
     ######    ##  ########  ######   ########  #########  ######  ######
     ##        ##  ##    ##  ##       ##     ## ##     ##       ## ##
     ##       #### ##     ## ######## ########  ##     ##  ######  ########

You're about to initialize a Firebase project in this directory:

  /Users/sgtmcclain/Documents/GIT/infiniteSkyDC

[info] 
=== Project Setup
[info] 
[info] First, let's associate this project directory with a Firebase project.
[info] You can create multiple project aliases by running firebase use --add, 
[info] but for now we'll just set up a default project.
[info] 
[debug] [2023-02-11T05:10:24.327Z] >>> [apiv2][query] GET https://firebase.googleapis.com/v1beta1/projects pageSize=100
[debug] [2023-02-11T05:10:24.879Z] <<< [apiv2][status] GET https://firebase.googleapis.com/v1beta1/projects 200
[debug] [2023-02-11T05:10:24.879Z] <<< [apiv2][body] GET https://firebase.googleapis.com/v1beta1/projects [omitted]
[info] i  Using project infiniteskydc (infiniteSkyDC) 
[info] 
=== Database Setup
[info] i  database: ensuring required API firebasedatabase.googleapis.com is enabled... 
[debug] [2023-02-11T05:10:26.785Z] >>> [apiv2][query] GET https://serviceusage.googleapis.com/v1/projects/infiniteskydc/services/firebasedatabase.googleapis.com [none]
[debug] [2023-02-11T05:10:26.785Z] >>> [apiv2][(partial)header] GET https://serviceusage.googleapis.com/v1/projects/infiniteskydc/services/firebasedatabase.googleapis.com x-goog-quota-user=projects/infiniteskydc
[debug] [2023-02-11T05:10:27.231Z] <<< [apiv2][status] GET https://serviceusage.googleapis.com/v1/projects/infiniteskydc/services/firebasedatabase.googleapis.com 200
[debug] [2023-02-11T05:10:27.231Z] <<< [apiv2][body] GET https://serviceusage.googleapis.com/v1/projects/infiniteskydc/services/firebasedatabase.googleapis.com [omitted]
[info] ✔  database: required API firebasedatabase.googleapis.com is enabled 
[info] 
[debug] [2023-02-11T05:10:27.233Z] >>> [apiv2][query] GET https://firebasedatabase.googleapis.com/v1beta/projects/infiniteskydc/locations/-/instances/infiniteskydc-default-rtdb [none]
[debug] [2023-02-11T05:10:27.586Z] <<< [apiv2][status] GET https://firebasedatabase.googleapis.com/v1beta/projects/infiniteskydc/locations/-/instances/infiniteskydc-default-rtdb 200
[debug] [2023-02-11T05:10:27.587Z] <<< [apiv2][body] GET https://firebasedatabase.googleapis.com/v1beta/projects/infiniteskydc/locations/-/instances/infiniteskydc-default-rtdb {"name":"projects/447397749992/locations/us-central1/instances/infiniteskydc-default-rtdb","project":"projects/447397749992","databaseUrl":"https://infiniteskydc-default-rtdb.firebaseio.com","type":"DEFAULT_DATABASE","state":"ACTIVE"}
[info] 
[info] Firebase Realtime Database Security Rules allow you to define how your data should be
[info] structured and when your data can be read from and written to.
[info] 
[debug] [2023-02-11T05:10:43.690Z] >>> [apiv2][query] GET https://infiniteskydc-default-rtdb.firebaseio.com/.settings/rules.json [none]
[debug] [2023-02-11T05:10:43.851Z] <<< [apiv2][status] GET https://infiniteskydc-default-rtdb.firebaseio.com/.settings/rules.json 200
[debug] [2023-02-11T05:10:43.852Z] <<< [apiv2][body] GET https://infiniteskydc-default-rtdb.firebaseio.com/.settings/rules.json [stream]
[info] ✔  Database Rules for infiniteskydc-default-rtdb have been written to database.rules.json. 
[info] Future modifications to database.rules.json will update Realtime Database Security Rules when you run
[info] firebase deploy.
[info] 
=== Functions Setup
[debug] [2023-02-11T05:10:43.854Z] > command requires scopes: ["email","openid","https://www.googleapis.com/auth/cloudplatformprojects.readonly","https://www.googleapis.com/auth/firebase","https://www.googleapis.com/auth/cloud-platform"]
[debug] [2023-02-11T05:10:43.855Z] > authorizing via signed-in user (n8mcclain@gmail.com)
[debug] [2023-02-11T05:10:43.855Z] [iam] checking project infiniteskydc for permissions ["firebase.projects.get"]
[debug] [2023-02-11T05:10:43.855Z] >>> [apiv2][query] POST https://cloudresourcemanager.googleapis.com/v1/projects/infiniteskydc:testIamPermissions [none]
[debug] [2023-02-11T05:10:43.855Z] >>> [apiv2][(partial)header] POST https://cloudresourcemanager.googleapis.com/v1/projects/infiniteskydc:testIamPermissions x-goog-quota-user=projects/infiniteskydc
[debug] [2023-02-11T05:10:43.856Z] >>> [apiv2][body] POST https://cloudresourcemanager.googleapis.com/v1/projects/infiniteskydc:testIamPermissions {"permissions":["firebase.projects.get"]}
[debug] [2023-02-11T05:10:43.987Z] <<< [apiv2][status] POST https://cloudresourcemanager.googleapis.com/v1/projects/infiniteskydc:testIamPermissions 200
[debug] [2023-02-11T05:10:43.987Z] <<< [apiv2][body] POST https://cloudresourcemanager.googleapis.com/v1/projects/infiniteskydc:testIamPermissions {"permissions":["firebase.projects.get"]}
[debug] [2023-02-11T05:10:43.987Z] >>> [apiv2][query] GET https://serviceusage.googleapis.com/v1/projects/infiniteskydc/services/cloudfunctions.googleapis.com [none]
[debug] [2023-02-11T05:10:43.987Z] >>> [apiv2][(partial)header] GET https://serviceusage.googleapis.com/v1/projects/infiniteskydc/services/cloudfunctions.googleapis.com x-goog-quota-user=projects/infiniteskydc
[debug] [2023-02-11T05:10:43.989Z] >>> [apiv2][query] GET https://serviceusage.googleapis.com/v1/projects/infiniteskydc/services/runtimeconfig.googleapis.com [none]
[debug] [2023-02-11T05:10:43.990Z] >>> [apiv2][(partial)header] GET https://serviceusage.googleapis.com/v1/projects/infiniteskydc/services/runtimeconfig.googleapis.com x-goog-quota-user=projects/infiniteskydc
[debug] [2023-02-11T05:10:44.335Z] <<< [apiv2][status] GET https://serviceusage.googleapis.com/v1/projects/infiniteskydc/services/cloudfunctions.googleapis.com 200
[debug] [2023-02-11T05:10:44.335Z] <<< [apiv2][body] GET https://serviceusage.googleapis.com/v1/projects/infiniteskydc/services/cloudfunctions.googleapis.com [omitted]
[debug] [2023-02-11T05:10:44.336Z] >>> [apiv2][query] POST https://serviceusage.googleapis.com/v1/projects/infiniteskydc/services/cloudfunctions.googleapis.com:enable [none]
[debug] [2023-02-11T05:10:44.336Z] >>> [apiv2][(partial)header] POST https://serviceusage.googleapis.com/v1/projects/infiniteskydc/services/cloudfunctions.googleapis.com:enable x-goog-quota-user=projects/infiniteskydc
[debug] [2023-02-11T05:10:44.369Z] <<< [apiv2][status] GET https://serviceusage.googleapis.com/v1/projects/infiniteskydc/services/runtimeconfig.googleapis.com 200
[debug] [2023-02-11T05:10:44.370Z] <<< [apiv2][body] GET https://serviceusage.googleapis.com/v1/projects/infiniteskydc/services/runtimeconfig.googleapis.com [omitted]
[debug] [2023-02-11T05:10:45.373Z] <<< [apiv2][status] POST https://serviceusage.googleapis.com/v1/projects/infiniteskydc/services/cloudfunctions.googleapis.com:enable 200
[debug] [2023-02-11T05:10:45.373Z] <<< [apiv2][body] POST https://serviceusage.googleapis.com/v1/projects/infiniteskydc/services/cloudfunctions.googleapis.com:enable [omitted]
[debug] [2023-02-11T05:10:55.374Z] >>> [apiv2][query] GET https://serviceusage.googleapis.com/v1/projects/infiniteskydc/services/cloudfunctions.googleapis.com [none]
[debug] [2023-02-11T05:10:55.374Z] >>> [apiv2][(partial)header] GET https://serviceusage.googleapis.com/v1/projects/infiniteskydc/services/cloudfunctions.googleapis.com x-goog-quota-user=projects/infiniteskydc
[debug] [2023-02-11T05:10:55.701Z] <<< [apiv2][status] GET https://serviceusage.googleapis.com/v1/projects/infiniteskydc/services/cloudfunctions.googleapis.com 200
[debug] [2023-02-11T05:10:55.701Z] <<< [apiv2][body] GET https://serviceusage.googleapis.com/v1/projects/infiniteskydc/services/cloudfunctions.googleapis.com [omitted]
[info] Let's create a new codebase for your functions.
[info] A directory corresponding to the codebase will be created in your project
[info] with sample code pre-configured.

[info] See https://firebase.google.com/docs/functions/organize-functions for
[info] more information on organizing your functions using codebases.

[info] Functions can be deployed with firebase deploy.

[info] ✔  Wrote functions/package.json 
[info] ✔  Wrote functions/.eslintrc.js 
[info] ✔  Wrote functions/tsconfig.json 
[info] ✔  Wrote functions/tsconfig.dev.json 
[info] ✔  Wrote functions/src/index.ts 
[info] ✔  Wrote functions/.gitignore 
[info] 
=== Hosting Setup
[info] 
[info] Your public directory is the folder (relative to your project directory) that
[info] will contain Hosting assets to be uploaded with firebase deploy. If you
[info] have a build process for your assets, use your build's output directory.
[info] 
[debug] [2023-02-11T05:16:42.136Z] >>> [apiv2][query] GET https://www.gstatic.com/firebasejs/releases.json [none]
[debug] [2023-02-11T05:16:42.190Z] <<< [apiv2][status] GET https://www.gstatic.com/firebasejs/releases.json 200
[debug] [2023-02-11T05:16:42.191Z] <<< [apiv2][body] GET https://www.gstatic.com/firebasejs/releases.json {"current":{"version":"9.17.1","browserURL":"https://www.gstatic.com/firebasejs/9.17.1/firebase.js","packageURL":"https://www.gstatic.com/firebasejs/9.17.1/firebase.tgz"},"live":{"version":"9.17","browserURL":"https://www.gstatic.com/firebasejs/live/9.17/firebase.js","packageURL":"https://www.gstatic.com/firebasejs/live/9.17/firebase.tgz"},"components":{"analytics":"https://www.gstatic.com/firebasejs/9.17.1/firebase-analytics.js","app":"https://www.gstatic.com/firebasejs/9.17.1/firebase-app.js","app-check":"https://www.gstatic.com/firebasejs/9.17.1/firebase-app-check.js","auth":"https://www.gstatic.com/firebasejs/9.17.1/firebase-auth.js","auth/cordova":"https://www.gstatic.com/firebasejs/9.17.1/firebase-auth/cordova.js","auth/react-native":"https://www.gstatic.com/firebasejs/9.17.1/firebase-auth/react-native.js","functions":"https://www.gstatic.com/firebasejs/9.17.1/firebase-functions.js","firestore":"https://www.gstatic.com/firebasejs/9.17.1/firebase-firestore.js","firestore/lite":"https://www.gstatic.com/firebasejs/9.17.1/firebase-firestore/lite.js","installations":"https://www.gstatic.com/firebasejs/9.17.1/firebase-installations.js","storage":"https://www.gstatic.com/firebasejs/9.17.1/firebase-storage.js","performance":"https://www.gstatic.com/firebasejs/9.17.1/firebase-performance.js","remote-config":"https://www.gstatic.com/firebasejs/9.17.1/firebase-remote-config.js","messaging":"https://www.gstatic.com/firebasejs/9.17.1/firebase-messaging.js","messaging/sw":"https://www.gstatic.com/firebasejs/9.17.1/firebase-messaging/sw.js","database":"https://www.gstatic.com/firebasejs/9.17.1/firebase-database.js","firestore.memory":"https://www.gstatic.com/firebasejs/9.17.1/firebase-firestore.memory.js"}}
[info] ✔  Wrote dist/infinite-sky-dc/index.html 
[info] 
[info] i  Detected a .git folder at /Users/sgtmcclain/Documents/GIT/infiniteSkyDC 
[info] i  Authorizing with GitHub to upload your service account to a GitHub repository's secrets store. 
[info] 
[info] Visit this URL on this device to log in:
[info] https://github.com/login/oauth/authorize?client_id=89cf50f02ac6aaed3484&state=788592349&redirect_uri=http%3A%2F%2Flocalhost%3A9005&scope=read%3Auser%20repo%20public_repo
[info] 
[info] Waiting for authentication...
[debug] [2023-02-11T05:17:05.313Z] >>> [apiv2][query] POST https://github.com/login/oauth/access_token [none]
[debug] [2023-02-11T05:17:05.314Z] >>> [apiv2][body] POST https://github.com/login/oauth/access_token [stream]
[debug] [2023-02-11T05:17:05.464Z] <<< [apiv2][status] POST https://github.com/login/oauth/access_token 200
[debug] [2023-02-11T05:17:05.464Z] <<< [apiv2][body] POST https://github.com/login/oauth/access_token {"access_token":"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","token_type":"bearer","scope":"read:user,repo"}
[debug] [2023-02-11T05:17:05.470Z] >>> [apiv2][query] GET https://api.github.com/user [none]
[debug] [2023-02-11T05:17:05.672Z] <<< [apiv2][status] GET https://api.github.com/user 200
[debug] [2023-02-11T05:17:05.672Z] <<< [apiv2][body] GET https://api.github.com/user {"login":"SGTMcClain","id":6497630,"node_id":"MDQ6VXNlcjY0OTc2MzA=","avatar_url":"https://avatars.githubusercontent.com/u/6497630?v=4","gravatar_id":"","url":"https://api.github.com/users/SGTMcClain","html_url":"https://github.com/SGTMcClain","followers_url":"https://api.github.com/users/SGTMcClain/followers","following_url":"https://api.github.com/users/SGTMcClain/following{/other_user}","gists_url":"https://api.github.com/users/SGTMcClain/gists{/gist_id}","starred_url":"https://api.github.com/users/SGTMcClain/starred{/owner}{/repo}","subscriptions_url":"https://api.github.com/users/SGTMcClain/subscriptions","organizations_url":"https://api.github.com/users/SGTMcClain/orgs","repos_url":"https://api.github.com/users/SGTMcClain/repos","events_url":"https://api.github.com/users/SGTMcClain/events{/privacy}","received_events_url":"https://api.github.com/users/SGTMcClain/received_events","type":"User","site_admin":false,"name":"Nathan McClain","company":null,"blog":"","location":"United States","email":null,"hireable":true,"bio":null,"twitter_username":null,"public_repos":63,"public_gists":10,"followers":7,"following":11,"created_at":"2014-01-25T04:11:46Z","updated_at":"2023-02-11T03:57:21Z","private_gists":22,"total_private_repos":20,"owned_private_repos":20,"disk_usage":2154079,"collaborators":8,"two_factor_authentication":true,"plan":{"name":"pro","space":976562499,"collaborators":0,"private_repos":9999}}
[info] 
[info] ✔  Success! Logged into GitHub as SGTMcClain 
[info] 
